<?xml version="1.0" encoding="UTF-8"?>
<!-- Generated by org.testng.reporters.JUnitReportReporter -->
<testsuite skipped="0" hostname="Ragu-SJ-PC" name="org.adactin.AdactinHotel" tests="5" failures="0" timestamp="05 Jul 2020 05:58:04 GMT" time="18.032" errors="0">
  <testcase name="tsc2" time="2.899" classname="org.adactin.AdactinHotel"/>
  <testcase name="tsc4" time="1.604" classname="org.adactin.AdactinHotel"/>
  <testcase name="tsc3" time="1.217" classname="org.adactin.AdactinHotel"/>
  <testcase name="tsc1" time="6.195" classname="org.adactin.AdactinHotel"/>
  <testcase name="tsc5" time="6.117" classname="org.adactin.AdactinHotel"/>
</testsuite> <!-- org.adactin.AdactinHotel -->
